[2023-05-13 20:49:29] [ INFO ] [PeliculaService:34] Guardando Pelicula nueva
[2023-05-13 20:50:15] [ INFO ] [PeliculaService:34] Guardando Pelicula nueva
[2023-05-13 20:50:24] [ INFO ] [PeliculaService:34] Guardando Pelicula nueva
[2023-05-13 21:33:50] [ INFO ] [PeliculaService:34] Guardando Pelicula nueva
[2023-05-13 21:34:00] [ INFO ] [PeliculaService:34] Guardando Pelicula nueva
[2023-05-13 21:40:48] [ INFO ] [PeliculaService:34] Guardando Pelicula nueva
[2023-05-13 21:40:48] [ INFO ] [PeliculaService:42] Guardando Categorias nuevas
[2023-05-13 21:40:48] [ INFO ] [PeliculaService:59] Guardando Fechas nuevas
[2023-05-13 21:40:56] [ INFO ] [PeliculaService:34] Guardando Pelicula nueva
[2023-05-13 21:40:56] [ INFO ] [PeliculaService:42] Guardando Categorias nuevas
[2023-05-13 21:40:56] [ INFO ] [PeliculaService:59] Guardando Fechas nuevas
[2023-05-13 21:40:58] [ INFO ] [PeliculaService:154] Buscando todas las Peliculas
[2023-05-13 21:41:08] [ INFO ] [PeliculaService:116] Buscando todas las Peliculas por fecha
[2023-05-13 21:41:19] [ INFO ] [PeliculaService:116] Buscando todas las Peliculas por fecha
[2023-05-13 21:41:31] [ INFO ] [PeliculaService:94] Buscando Pelicula con titulo: pelicula3dddd3
[2023-05-13 21:41:36] [ INFO ] [PeliculaService:135] Buscando todas las Peliculas por categoria
[2023-05-13 21:41:42] [ INFO ] [PeliculaService:135] Buscando todas las Peliculas por categoria
[2023-05-13 21:42:34] [ INFO ] [PeliculaService:105] Buscando Pelicula con id = 1
[2023-05-13 21:42:38] [ WARN ] [PeliculaService:84] Borrando Pelicula con id = 2
[2023-05-13 21:42:40] [ INFO ] [PeliculaService:154] Buscando todas las Peliculas
[2023-05-13 21:42:48] [ INFO ] [PeliculaService:116] Buscando todas las Peliculas por fecha
[2023-05-13 21:42:56] [ INFO ] [PeliculaService:94] Buscando Pelicula con titulo: pelicula3dddd3d
[2023-05-13 21:42:58] [ INFO ] [PeliculaService:94] Buscando Pelicula con titulo: pelicula3dddd3
[2023-05-13 21:43:02] [ INFO ] [PeliculaService:135] Buscando todas las Peliculas por categoria
[2023-05-13 22:13:45] [ INFO ] [PeliculaService:34] Guardando Pelicula nueva
[2023-05-13 22:13:45] [ INFO ] [PeliculaService:42] Guardando Categorias nuevas
[2023-05-13 22:13:45] [ INFO ] [PeliculaService:59] Guardando Fechas nuevas
[2023-05-13 22:13:51] [ INFO ] [PeliculaService:34] Guardando Pelicula nueva
[2023-05-13 22:13:51] [ INFO ] [PeliculaService:42] Guardando Categorias nuevas
[2023-05-13 22:13:51] [ INFO ] [PeliculaService:59] Guardando Fechas nuevas
[2023-05-13 22:14:06] [ INFO ] [PeliculaService:137] Buscando Pelicula con id = 1
[2023-05-13 22:14:48] [ INFO ] [PeliculaService:86] Actualizando Pelicula con id = 1
[2023-05-13 22:19:46] [ INFO ] [PeliculaService:34] Guardando Pelicula nueva
[2023-05-13 22:19:46] [ INFO ] [PeliculaService:42] Guardando Categorias nuevas
[2023-05-13 22:19:46] [ INFO ] [PeliculaService:59] Guardando Fechas nuevas
[2023-05-13 22:19:49] [ INFO ] [PeliculaService:34] Guardando Pelicula nueva
[2023-05-13 22:19:49] [ INFO ] [PeliculaService:42] Guardando Categorias nuevas
[2023-05-13 22:19:49] [ INFO ] [PeliculaService:59] Guardando Fechas nuevas
[2023-05-13 22:19:52] [ INFO ] [PeliculaService:86] Actualizando Pelicula con id 1
[2023-05-13 22:19:52] [ INFO ] [PeliculaService:109] Actualizando Categorias
[2023-05-13 22:19:52] [ INFO ] [PeliculaService:129] Actualizando Fechas
[2023-05-13 22:36:33] [ INFO ] [PeliculaService:86] Actualizando Pelicula con id 1
[2023-05-13 22:36:33] [ INFO ] [PeliculaService:109] Actualizando Categorias
[2023-05-13 22:36:33] [ INFO ] [PeliculaService:129] Actualizando Fechas
[2023-05-13 22:36:52] [ INFO ] [PeliculaService:256] Buscando todas las Peliculas
[2023-05-13 22:38:04] [ INFO ] [PeliculaService:34] Guardando Pelicula nueva
[2023-05-13 22:38:04] [ INFO ] [PeliculaService:42] Guardando Categorias nuevas
[2023-05-13 22:38:04] [ INFO ] [PeliculaService:59] Guardando Fechas nuevas
[2023-05-13 22:38:07] [ INFO ] [PeliculaService:34] Guardando Pelicula nueva
[2023-05-13 22:38:07] [ INFO ] [PeliculaService:42] Guardando Categorias nuevas
[2023-05-13 22:38:07] [ INFO ] [PeliculaService:59] Guardando Fechas nuevas
[2023-05-13 22:38:10] [ INFO ] [PeliculaService:256] Buscando todas las Peliculas
[2023-05-13 22:38:29] [ INFO ] [PeliculaService:86] Actualizando Pelicula con id 1
[2023-05-13 22:38:29] [ INFO ] [PeliculaService:109] Actualizando Categorias
[2023-05-13 22:38:29] [ INFO ] [PeliculaService:129] Actualizando Fechas
[2023-05-13 22:38:32] [ INFO ] [PeliculaService:86] Actualizando Pelicula con id 1
[2023-05-13 22:38:32] [ INFO ] [PeliculaService:109] Actualizando Categorias
[2023-05-13 22:38:32] [ INFO ] [PeliculaService:129] Actualizando Fechas
[2023-05-13 22:38:43] [ INFO ] [PeliculaService:256] Buscando todas las Peliculas
[2023-05-13 22:40:55] [ INFO ] [PeliculaService:34] Guardando Pelicula nueva
[2023-05-13 22:40:55] [ INFO ] [PeliculaService:42] Guardando Categorias nuevas
[2023-05-13 22:40:55] [ INFO ] [PeliculaService:59] Guardando Fechas nuevas
[2023-05-13 22:40:58] [ INFO ] [PeliculaService:34] Guardando Pelicula nueva
[2023-05-13 22:40:58] [ INFO ] [PeliculaService:42] Guardando Categorias nuevas
[2023-05-13 22:40:58] [ INFO ] [PeliculaService:59] Guardando Fechas nuevas
[2023-05-13 22:41:06] [ INFO ] [PeliculaService:207] Buscando Pelicula con id = 1
[2023-05-13 22:42:34] [ INFO ] [PeliculaService:34] Guardando Pelicula nueva
[2023-05-13 22:42:38] [ INFO ] [PeliculaService:34] Guardando Pelicula nueva
[2023-05-13 22:42:38] [ INFO ] [PeliculaService:42] Guardando Categorias nuevas
[2023-05-13 22:42:38] [ INFO ] [PeliculaService:59] Guardando Fechas nuevas
[2023-05-13 22:43:03] [ INFO ] [PeliculaService:86] Actualizando Pelicula con id 1
[2023-05-13 22:43:03] [ INFO ] [PeliculaService:109] Actualizando Categorias
[2023-05-13 22:43:03] [ INFO ] [PeliculaService:129] Actualizando Fechas
[2023-05-13 22:43:18] [ INFO ] [PeliculaService:207] Buscando Pelicula con id = 1
[2023-05-13 22:48:21] [ INFO ] [PeliculaService:86] Actualizando Pelicula con id 1
[2023-05-13 22:48:21] [ INFO ] [PeliculaService:109] Actualizando Categorias
[2023-05-13 22:48:21] [ INFO ] [PeliculaService:129] Actualizando Fechas
[2023-05-13 22:48:25] [ INFO ] [PeliculaService:256] Buscando todas las Peliculas
[2023-05-13 22:50:28] [ INFO ] [PeliculaService:256] Buscando todas las Peliculas
[2023-05-13 23:11:12] [ INFO ] [PeliculaService:34] Guardando Pelicula nueva
[2023-05-13 23:11:13] [ INFO ] [PeliculaService:42] Guardando Categorias nuevas
[2023-05-13 23:11:13] [ INFO ] [PeliculaService:59] Guardando Fechas nuevas
[2023-05-13 23:11:17] [ INFO ] [PeliculaService:34] Guardando Pelicula nueva
[2023-05-13 23:11:17] [ INFO ] [PeliculaService:42] Guardando Categorias nuevas
[2023-05-13 23:11:17] [ INFO ] [PeliculaService:59] Guardando Fechas nuevas
[2023-05-13 23:11:21] [ INFO ] [PeliculaService:273] Buscando Pelicula con id = 1
[2023-05-13 23:12:21] [ INFO ] [PeliculaService:85] Actualizando Pelicula con id 1
[2023-05-13 23:12:21] [ INFO ] [PeliculaService:106] Guardando Categorias nuevas
[2023-05-13 23:12:21] [ INFO ] [PeliculaService:123] Guardando Fechas nuevas
[2023-05-13 23:12:35] [ INFO ] [PeliculaService:322] Buscando todas las Peliculas
[2023-05-13 23:14:03] [ INFO ] [PeliculaService:85] Actualizando Pelicula con id 1
[2023-05-13 23:14:03] [ INFO ] [PeliculaService:106] Guardando Categorias nuevas
[2023-05-13 23:14:03] [ INFO ] [PeliculaService:123] Guardando Fechas nuevas
[2023-05-13 23:14:07] [ INFO ] [PeliculaService:322] Buscando todas las Peliculas
[2023-05-13 23:15:07] [ INFO ] [PeliculaService:85] Actualizando Pelicula con id 1
[2023-05-13 23:15:15] [ INFO ] [PeliculaService:85] Actualizando Pelicula con id 1
[2023-05-13 23:15:15] [ INFO ] [PeliculaService:106] Guardando Categorias nuevas
[2023-05-13 23:15:15] [ INFO ] [PeliculaService:123] Guardando Fechas nuevas
[2023-05-13 23:15:35] [ INFO ] [PeliculaService:85] Actualizando Pelicula con id 1
[2023-05-13 23:15:35] [ INFO ] [PeliculaService:106] Guardando Categorias nuevas
[2023-05-13 23:15:35] [ INFO ] [PeliculaService:123] Guardando Fechas nuevas
[2023-05-13 23:15:40] [ INFO ] [PeliculaService:322] Buscando todas las Peliculas
[2023-05-13 23:16:20] [ INFO ] [PeliculaService:273] Buscando Pelicula con id = 1
[2023-05-13 23:19:52] [ INFO ] [PeliculaService:34] Guardando Pelicula nueva
[2023-05-13 23:19:57] [ INFO ] [PeliculaService:322] Buscando todas las Peliculas
[2023-05-13 23:20:03] [ INFO ] [PeliculaService:34] Guardando Pelicula nueva
[2023-05-13 23:20:03] [ INFO ] [PeliculaService:42] Guardando Categorias nuevas
[2023-05-13 23:20:03] [ INFO ] [PeliculaService:59] Guardando Fechas nuevas
[2023-05-13 23:20:43] [ INFO ] [PeliculaService:34] Guardando Pelicula nueva
[2023-05-13 23:20:43] [ INFO ] [PeliculaService:42] Guardando Categorias nuevas
[2023-05-13 23:20:43] [ INFO ] [PeliculaService:59] Guardando Fechas nuevas
[2023-05-13 23:21:47] [ WARN ] [PeliculaService:252] Borrando Pelicula con id = 2
[2023-05-13 23:21:53] [ INFO ] [PeliculaService:322] Buscando todas las Peliculas
[2023-05-13 23:22:36] [ INFO ] [PeliculaService:85] Actualizando Pelicula con id 3
[2023-05-13 23:22:36] [ INFO ] [PeliculaService:106] Guardando Categorias nuevas
[2023-05-13 23:22:36] [ INFO ] [PeliculaService:123] Guardando Fechas nuevas
[2023-05-13 23:22:46] [ INFO ] [PeliculaService:322] Buscando todas las Peliculas
[2023-05-13 23:22:54] [ INFO ] [PeliculaService:273] Buscando Pelicula con id = 3
[2023-05-13 23:22:58] [ INFO ] [PeliculaService:273] Buscando Pelicula con id = 1
